<?xml version="1.0" encoding="UTF-8"?>
<testng-results skipped="0" failed="0" ignored="2" total="4" passed="2">
  <reporter-output>
  </reporter-output>
  <suite name="Suite" duration-ms="139277" started-at="2019-03-28T07:41:51Z" finished-at="2019-03-28T07:44:10Z">
    <groups>
    </groups>
    <test name="Test" duration-ms="139277" started-at="2019-03-28T07:41:51Z" finished-at="2019-03-28T07:44:10Z">
      <class name="TestCases.CreateAccountPageTest">
        <test-method status="PASS" signature="setUp()[pri:0, instance:TestCases.CreateAccountPageTest@13deb50e]" name="setUp" is-config="true" duration-ms="108809" started-at="2019-03-28T07:41:53Z" finished-at="2019-03-28T07:43:42Z">
          <reporter-output>
          </reporter-output>
        </test-method> <!-- setUp -->
        <test-method status="PASS" signature="createAccountTest(java.lang.String, java.lang.String, java.lang.String, java.lang.String, java.lang.String, java.lang.String, java.lang.String, java.lang.String, java.lang.String, java.lang.String, java.lang.String)[pri:1, instance:TestCases.CreateAccountPageTest@13deb50e]" name="createAccountTest" duration-ms="4987" started-at="2019-03-28T07:43:42Z" data-provider="excelSheet" finished-at="2019-03-28T07:43:47Z">
          <params>
            <param index="0">
              <value>
                <![CDATA[id_gender1]]>
              </value>
            </param>
            <param index="1">
              <value>
                <![CDATA[Vinayak]]>
              </value>
            </param>
            <param index="2">
              <value>
                <![CDATA[Tamse]]>
              </value>
            </param>
            <param index="3">
              <value>
                <![CDATA[vinayak]]>
              </value>
            </param>
            <param index="4">
              <value>
                <![CDATA[1]]>
              </value>
            </param>
            <param index="5">
              <value>
                <![CDATA[2]]>
              </value>
            </param>
            <param index="6">
              <value>
                <![CDATA[1994]]>
              </value>
            </param>
            <param index="7">
              <value>
                <![CDATA[Confidential]]>
              </value>
            </param>
            <param index="8">
              <value>
                <![CDATA[BTM, Bangalore]]>
              </value>
            </param>
            <param index="9">
              <value>
                <![CDATA[Bangalore]]>
              </value>
            </param>
            <param index="10">
              <value>
                <![CDATA[Arizona]]>
              </value>
            </param>
          </params>
          <reporter-output>
          </reporter-output>
        </test-method> <!-- createAccountTest -->
        <test-method status="PASS" signature="tearDown()[pri:0, instance:TestCases.CreateAccountPageTest@13deb50e]" name="tearDown" is-config="true" duration-ms="252" started-at="2019-03-28T07:43:47Z" finished-at="2019-03-28T07:43:47Z">
          <reporter-output>
          </reporter-output>
        </test-method> <!-- tearDown -->
        <test-method status="PASS" signature="setUp()[pri:0, instance:TestCases.CreateAccountPageTest@13deb50e]" name="setUp" is-config="true" duration-ms="18439" started-at="2019-03-28T07:43:47Z" finished-at="2019-03-28T07:44:06Z">
          <reporter-output>
          </reporter-output>
        </test-method> <!-- setUp -->
        <test-method status="PASS" signature="createAccountTest(java.lang.String, java.lang.String, java.lang.String, java.lang.String, java.lang.String, java.lang.String, java.lang.String, java.lang.String, java.lang.String, java.lang.String, java.lang.String)[pri:1, instance:TestCases.CreateAccountPageTest@13deb50e]" name="createAccountTest" duration-ms="4421" started-at="2019-03-28T07:44:06Z" data-provider="excelSheet" finished-at="2019-03-28T07:44:10Z">
          <params>
            <param index="0">
              <value>
                <![CDATA[id_gender2]]>
              </value>
            </param>
            <param index="1">
              <value>
                <![CDATA[Suvidha]]>
              </value>
            </param>
            <param index="2">
              <value>
                <![CDATA[Tamse]]>
              </value>
            </param>
            <param index="3">
              <value>
                <![CDATA[suvidha]]>
              </value>
            </param>
            <param index="4">
              <value>
                <![CDATA[17]]>
              </value>
            </param>
            <param index="5">
              <value>
                <![CDATA[1]]>
              </value>
            </param>
            <param index="6">
              <value>
                <![CDATA[1990]]>
              </value>
            </param>
            <param index="7">
              <value>
                <![CDATA[Confidential]]>
              </value>
            </param>
            <param index="8">
              <value>
                <![CDATA[Panvel, Mumbai]]>
              </value>
            </param>
            <param index="9">
              <value>
                <![CDATA[Mumbai]]>
              </value>
            </param>
            <param index="10">
              <value>
                <![CDATA[California]]>
              </value>
            </param>
          </params>
          <reporter-output>
          </reporter-output>
        </test-method> <!-- createAccountTest -->
        <test-method status="PASS" signature="tearDown()[pri:0, instance:TestCases.CreateAccountPageTest@13deb50e]" name="tearDown" is-config="true" duration-ms="229" started-at="2019-03-28T07:44:10Z" finished-at="2019-03-28T07:44:10Z">
          <reporter-output>
          </reporter-output>
        </test-method> <!-- tearDown -->
      </class> <!-- TestCases.CreateAccountPageTest -->
    </test> <!-- Test -->
  </suite> <!-- Suite -->
</testng-results>
