<?xml version="1.0" encoding="UTF-8"?>
<!-- Generated by org.testng.reporters.JUnitXMLReporter -->
<testsuite hostname="DELL-PC" ignored="2" name="Test" tests="2" failures="0" timestamp="28 Mar 2019 07:44:10 GMT" time="139.277" errors="0">
  <testcase name="createAccountTest" time="4.987" classname="TestCases.CreateAccountPageTest"/>
  <testcase name="createAccountTest" time="4.421" classname="TestCases.CreateAccountPageTest"/>
  <testcase name="RegisterationTest" time="0.0" classname="TestCases.HomePageTest">
    <ignored/>
  </testcase> <!-- RegisterationTest -->
  <testcase name="EnterEmailTest" time="0.0" classname="TestCases.LoginRegisterPageTest">
    <ignored/>
  </testcase> <!-- EnterEmailTest -->
</testsuite> <!-- Test -->
